<?xml version="1.0" encoding="UTF-8"?>
<!-- Generated by org.testng.reporters.JUnitReportReporter -->
<testsuite hostname="LAPTOP-RFM3H3DM" failures="0" tests="1" name="hcll.testng.uploadfile" time="12.110" errors="0" timestamp="2021-12-22T10:51:07 IST" skipped="0">
  <testcase classname="hcll.testng.uploadfile" name="method" time="12.110"/>
  <system-out/>
</testsuite> <!-- hcll.testng.uploadfile -->
