<?xml version="1.0" encoding="UTF-8"?>
<!-- Generated by org.testng.reporters.JUnitReportReporter -->
<testsuite hostname="LAPTOP-RFM3H3DM" failures="0" tests="1" name="hcll.testng.oderedlist" time="11.482" errors="0" timestamp="2021-12-14T15:25:39 IST" skipped="0">
  <testcase classname="hcll.testng.oderedlist" name="method1" time="11.482"/>
  <system-out/>
</testsuite> <!-- hcll.testng.oderedlist -->
