<?xml version="1.0" encoding="UTF-8"?>
<!-- Generated by org.testng.reporters.JUnitReportReporter -->
<testsuite hostname="LAPTOP-RFM3H3DM" failures="0" tests="4" name="hcll.testng.first1" time="0.007" errors="0" timestamp="2021-12-02T15:36:22 IST" skipped="0">
  <testcase classname="hcll.testng.first1" name="f" time="0.003"/>
  <system-out/>
  <testcase classname="hcll.testng.first1" name="x" time="0.002"/>
  <system-out/>
  <testcase classname="hcll.testng.first1" name="s" time="0.001"/>
  <system-out/>
  <testcase classname="hcll.testng.first1" name="b" time="0.001"/>
  <system-out/>
</testsuite> <!-- hcll.testng.first1 -->
