<?xml version="1.0" encoding="UTF-8"?>
<!-- Generated by org.testng.reporters.JUnitReportReporter -->
<testsuite hostname="LAPTOP-RFM3H3DM" failures="0" tests="2" name="hcll.testng.dropdown" time="13.977" errors="0" timestamp="2021-12-03T11:21:58 IST" skipped="0">
  <testcase classname="hcll.testng.dropdown" name="method" time="5.974"/>
  <system-out/>
  <testcase classname="hcll.testng.dropdown" name="method1" time="8.003"/>
  <system-out/>
</testsuite> <!-- hcll.testng.dropdown -->
