<?xml version="1.0" encoding="UTF-8"?>
<!-- Generated by org.testng.reporters.JUnitReportReporter -->
<testsuite hostname="LAPTOP-RFM3H3DM" failures="0" tests="3" name="hcll.testng.annotations" time="0.011" errors="0" timestamp="2021-12-02T15:35:04 IST" skipped="0">
  <testcase classname="hcll.testng.annotations" name="openbrowser" time="0.002"/>
  <system-out/>
  <testcase classname="hcll.testng.annotations" name="login" time="0.008"/>
  <system-out/>
  <testcase classname="hcll.testng.annotations" name="logout" time="0.001"/>
  <system-out/>
</testsuite> <!-- hcll.testng.annotations -->
