<?xml version="1.0" encoding="UTF-8"?>
<!-- Generated by org.testng.reporters.JUnitReportReporter -->
<testsuite hostname="LAPTOP-RFM3H3DM" failures="0" tests="1" name="hcll.testng.commands" time="60.306" errors="0" timestamp="2021-12-03T16:07:09 IST" skipped="0">
  <testcase classname="hcll.testng.commands" name="method" time="60.306"/>
  <system-out/>
</testsuite> <!-- hcll.testng.commands -->
