<?xml version="1.0" encoding="UTF-8"?>
<!-- Generated by org.testng.reporters.JUnitReportReporter -->
<testsuite hostname="LAPTOP-RFM3H3DM" failures="0" tests="1" name="hcll.testng.downloadfile" time="3.641" errors="0" timestamp="2021-12-17T18:38:15 IST" skipped="0">
  <testcase classname="hcll.testng.downloadfile" name="method" time="3.641"/>
  <system-out/>
</testsuite> <!-- hcll.testng.downloadfile -->
