<?xml version="1.0" encoding="UTF-8"?>
<!-- Generated by org.testng.reporters.JUnitReportReporter -->
<testsuite hostname="LAPTOP-RFM3H3DM" failures="0" tests="1" name="hcll.testng.windowhandle" time="11.638" errors="0" timestamp="2021-12-14T15:48:01 IST" skipped="0">
  <testcase classname="hcll.testng.windowhandle" name="method" time="11.638"/>
  <system-out/>
</testsuite> <!-- hcll.testng.windowhandle -->
