<?xml version="1.0" encoding="UTF-8"?>
<!-- Generated by org.testng.reporters.JUnitReportReporter -->
<testsuite hostname="LAPTOP-RFM3H3DM" failures="0" tests="1" name="Functionality.signin" time="43.729" errors="0" timestamp="2021-12-22T11:02:44 IST" skipped="0">
  <testcase classname="Functionality.signin" name="method" time="43.729"/>
  <system-out/>
</testsuite> <!-- Functionality.signin -->
