<?xml version="1.0" encoding="UTF-8"?>
<!-- Generated by org.testng.reporters.JUnitReportReporter -->
<testsuite hostname="LAPTOP-RFM3H3DM" failures="0" tests="1" name="hcll.testng.frames" time="10.372" errors="0" timestamp="2021-12-12T11:48:06 IST" skipped="0">
  <testcase classname="hcll.testng.frames" name="method" time="10.372"/>
  <system-out/>
</testsuite> <!-- hcll.testng.frames -->
