<?xml version="1.0" encoding="UTF-8"?>
<!-- Generated by org.testng.reporters.JUnitReportReporter -->
<testsuite hostname="LAPTOP-RFM3H3DM" failures="0" tests="1" name="hcll.testng.dependsongroup" time="0.014" errors="0" timestamp="2021-12-06T10:46:13 IST" skipped="0">
  <testcase classname="hcll.testng.dependsongroup" name="method4" time="0.014"/>
  <system-out/>
</testsuite> <!-- hcll.testng.dependsongroup -->
