<?xml version="1.0" encoding="UTF-8"?>
<!-- Generated by org.testng.reporters.JUnitReportReporter -->
<testsuite hostname="LAPTOP-RFM3H3DM" failures="0" tests="1" name="Functionality.login" time="13.779" errors="0" timestamp="2021-12-13T18:07:43 IST" skipped="0">
  <testcase classname="Functionality.login" name="method" time="13.779"/>
  <system-out/>
</testsuite> <!-- Functionality.login -->
