<?xml version="1.0" encoding="UTF-8"?>
<!-- Generated by org.testng.reporters.JUnitReportReporter -->
<testsuite hostname="LAPTOP-RFM3H3DM" failures="0" tests="1" name="hcll.testng.javascriptexe" time="2.552" errors="0" timestamp="2021-12-09T18:35:23 IST" skipped="0">
  <testcase classname="hcll.testng.javascriptexe" name="method" time="2.552"/>
  <system-out/>
</testsuite> <!-- hcll.testng.javascriptexe -->
