<?xml version="1.0" encoding="UTF-8"?>
<!-- Generated by org.testng.reporters.JUnitReportReporter -->
<testsuite hostname="LAPTOP-RFM3H3DM" failures="0" tests="1" name="hcll.testng.test1" time="5.505" errors="0" timestamp="2021-11-30T20:29:10 IST" skipped="0">
  <testcase classname="hcll.testng.test1" name="method" time="5.505"/>
  <system-out/>
</testsuite> <!-- hcll.testng.test1 -->
